-- Running vcpkg install
Detecting compiler hash for triplet x64-linux...
Compiler found: /usr/bin/c++
Detecting compiler hash for triplet x64-linux-dynamic...
Compiler found: /usr/bin/c++
The following packages are already installed:
    eigen3:x64-linux-dynamic@5.0.1
  * vcpkg-cmake:x64-linux@2024-04-23
  * vcpkg-cmake-config:x64-linux@2024-05-23
The following packages will be built and installed:
  * abseil:x64-linux@20250814.1
  * abseil:x64-linux-dynamic@20250814.1
  * at-spi2-atk:x64-linux-dynamic@2.38.0#2
  * at-spi2-core:x64-linux-dynamic@2.44.1#5
  * atk:x64-linux-dynamic@2.38.0#11
  * brotli:x64-linux-dynamic@1.2.0
  * bzip2[core,tool]:x64-linux@1.0.8#6
  * bzip2[core,tool]:x64-linux-dynamic@1.0.8#6
  * cairo[core,fontconfig,freetype,gobject,x11]:x64-linux-dynamic@1.18.4#1
  * dbus[core,systemd]:x64-linux-dynamic@1.16.2#2
  * dirent:x64-linux-dynamic@1.26
  * dirent:x64-linux@1.26
  * egl-registry:x64-linux-dynamic@2025-05-27
  * expat:x64-linux-dynamic@2.7.4
  * ffmpeg[avcodec,avdevice,avfilter,avformat,core,swresample,swscale]:x64-linux-dynamic@8.0.1#2
  * ffmpeg-bin2c:x64-linux@8.0.1
  * flatbuffers:x64-linux@25.9.23#1
  * flatbuffers:x64-linux-dynamic@25.9.23#1
    fmt:x64-linux-dynamic@10.2.1
  * fontconfig[core,iconv]:x64-linux-dynamic@2.17.1#1
  * freetype[brotli,bzip2,core,png,zlib]:x64-linux-dynamic@2.13.3
  * fribidi:x64-linux@1.0.16
  * fribidi:x64-linux-dynamic@1.0.16
  * gdk-pixbuf[core,jpeg,png,tiff]:x64-linux@2.42.12#6
  * gdk-pixbuf[core,jpeg,png,tiff]:x64-linux-dynamic@2.42.12#6
  * gettext[core,tools]:x64-linux@0.22.5#3
  * gettext-libintl:x64-linux@0.22.5#4
  * gettext-libintl:x64-linux-dynamic@0.22.5#4
  * glib:x64-linux@2.86.3
  * glib:x64-linux-dynamic@2.86.3
  * gperf:x64-linux@3.3
  * gtk3:x64-linux-dynamic@3.24.51#2
  * harfbuzz[core,freetype]:x64-linux-dynamic@12.3.2
  * hwloc:x64-linux-dynamic@2.11.2
  * libcap:x64-linux-dynamic@2.77
  * libcap:x64-linux@2.77
  * libepoxy:x64-linux-dynamic@1.5.10#2
  * libffi:x64-linux-dynamic@3.5.2
  * libffi:x64-linux@3.5.2
  * libiconv:x64-linux@1.18#3
  * libiconv:x64-linux-dynamic@1.18#3
  * libjpeg-turbo:x64-linux-dynamic@3.1.3
  * libjpeg-turbo:x64-linux@3.1.3
  * liblzma:x64-linux-dynamic@5.8.2
  * liblzma:x64-linux@5.8.2
  * libmount:x64-linux-dynamic@2.41.3
  * libpng:x64-linux-dynamic@1.6.54
  * libpng:x64-linux@1.6.54
  * libsystemd:x64-linux-dynamic@257.8#1
  * libuuid:x64-linux-dynamic@1.0.3#16
  * libwebp[core,libwebpmux,nearlossless,simd]:x64-linux-dynamic@1.6.0#2
  * libx11:x64-linux@1.8.1#4
  * libx11:x64-linux-dynamic@1.8.1#4
  * libxau:x64-linux-dynamic@1.0.12
  * libxau:x64-linux@1.0.12
  * libxcrypt:x64-linux-dynamic@4.5.2
  * libxdmcp:x64-linux@1.1.5
  * libxdmcp:x64-linux-dynamic@1.1.5
  * libxext:x64-linux-dynamic@1.3.7
  * libxfixes:x64-linux-dynamic@6.0.2
  * libxi:x64-linux-dynamic@1.8.2
  * libxml2[core,iconv,tools,zlib]:x64-linux@2.15.1
  * libxml2[core,iconv,zlib]:x64-linux-dynamic@2.15.1
  * libxrandr:x64-linux-dynamic@1.5.5
  * libxrender:x64-linux-dynamic@0.9.12
  * libxslt[core,profiler,thread,tools]:x64-linux@1.1.45
  * libxslt[core,profiler,thread]:x64-linux-dynamic@1.1.45
  * libxtst:x64-linux-dynamic@1.2.5
  * lz4:x64-linux-dynamic@1.10.0
    nlohmann-json:x64-linux-dynamic@3.12.0#2
    opencv4[calib3d,contrib,core,dnn,eigen,ffmpeg,fs,gapi,gtk,highgui,intrinsics,jpeg,png,quirc,tbb,thread,tiff,webp]:x64-linux-dynamic@4.12.0#1
  * pango:x64-linux-dynamic@1.57.0
  * pcre2[core,jit,platform-default-features]:x64-linux-dynamic@10.47
  * pcre2[core,jit,platform-default-features]:x64-linux@10.47
  * pixman:x64-linux-dynamic@0.46.4
  * pkgconf:x64-linux@2.5.1#4
  * protobuf:x64-linux-dynamic@6.33.4#1
  * protobuf:x64-linux@6.33.4#1
  * pthread:x64-linux-dynamic@3.0.0#2
  * pthread:x64-linux@3.0.0#2
  * pthread-stubs:x64-linux-dynamic@0.5
  * pthread-stubs:x64-linux@0.5
  * pthreads:x64-linux@3.0.0#14
  * pthreads:x64-linux-dynamic@3.0.0#14
  * quirc:x64-linux-dynamic@1.2
    spdlog[core,fmt,tz-offset]:x64-linux-dynamic@1.17.0
    tbb[core,hwloc]:x64-linux-dynamic@2022.3.0
  * tiff[core,jpeg,lzma,zip]:x64-linux@4.7.1
  * tiff[core,jpeg,lzma,zip]:x64-linux-dynamic@4.7.1
  * utf8-range:x64-linux@6.33.4
  * utf8-range:x64-linux-dynamic@6.33.4
  * vcpkg-cmake-get-vars:x64-linux@2025-05-29
  * vcpkg-get-python-packages:x64-linux@2025-04-05
  * vcpkg-make:x64-linux@2026-01-01
  * vcpkg-pkgconfig-get-modules:x64-linux@2024-04-03
  * vcpkg-tool-meson:x64-linux@1.9.0#3
  * xcb:x64-linux-dynamic@1.14#3
  * xcb:x64-linux@1.14#3
  * xcb-proto:x64-linux-dynamic@1.14.1#2
  * xcb-proto:x64-linux@1.14.1#2
  * xcb-util-m4:x64-linux@2022-07-01
  * xcb-util-m4:x64-linux-dynamic@2022-07-01
  * xorg-macros:x64-linux@1.20.2
  * xorg-macros:x64-linux-dynamic@1.20.2
  * xproto:x64-linux@2021.5
  * xproto:x64-linux-dynamic@2021.5
  * xtrans:x64-linux@1.6.0
  * xtrans:x64-linux-dynamic@1.6.0
    yaml-cpp:x64-linux-dynamic@0.9.0
  * zlib:x64-linux@1.3.1
  * zlib:x64-linux-dynamic@1.3.1
  * zstd:x64-linux-dynamic@1.5.7
Additional packages (*) will be modified to complete this operation.
Restored 0 package(s) from /home/prototype152/.cache/vcpkg/archives in 112 us. Use --debug to see more details.
Installing 1/112 fmt:x64-linux-dynamic@10.2.1...
Building fmt:x64-linux-dynamic@10.2.1...
/home/prototype152/vcpkg/triplets/community/x64-linux-dynamic.cmake: info: loaded community triplet from here. Community triplets are not built in the curated registry and are thus less likely to succeed.
Downloading https://github.com/fmtlib/fmt/archive/10.2.1.tar.gz -> fmtlib-fmt-10.2.1.tar.gz
error: curl: (35) error:0A000126:SSL routines::unexpected eof while reading
note: If you are using a proxy, please ensure your proxy settings are correct.
Possible causes are:
1. You are actually using an HTTP proxy, but setting HTTPS_PROXY variable to `https://address:port`.
This is not correct, because `https://` prefix claims the proxy is an HTTPS proxy, while your proxy (v2ray, shadowsocksr, etc...) is an HTTP proxy.
Try setting `http://address:port` to both HTTP_PROXY and HTTPS_PROXY instead.
2. If you are using Windows, vcpkg will automatically use your Windows IE Proxy Settings set by your proxy software. See: https://github.com/microsoft/vcpkg-tool/pull/77
The value set by your proxy might be wrong, or have same `https://` prefix issue.
3. Your proxy's remote server is out of service.
If you believe this is not a temporary download server failure and vcpkg needs to be changed to download this file from a different location, please submit an issue to https://github.com/Microsoft/vcpkg/issues
