Detecting compiler hash for triplet x64-linux...
Compiler found: /usr/bin/c++
Detecting compiler hash for triplet x64-linux-dynamic...
Compiler found: /usr/bin/c++
The following packages will be built and installed:
  * abseil:x64-linux@20250814.1
  * abseil:x64-linux-dynamic@20250814.1
  * at-spi2-atk:x64-linux-dynamic@2.38.0#2
  * at-spi2-core:x64-linux-dynamic@2.44.1#5
  * atk:x64-linux-dynamic@2.38.0#11
  * brotli:x64-linux-dynamic@1.2.0
  * bzip2[core,tool]:x64-linux@1.0.8#6
  * bzip2[core,tool]:x64-linux-dynamic@1.0.8#6
  * cairo[core,fontconfig,freetype,gobject,x11]:x64-linux-dynamic@1.18.4#1
  * dbus[core,systemd]:x64-linux-dynamic@1.16.2#2
  * dirent:x64-linux-dynamic@1.26
  * dirent:x64-linux@1.26
  * egl-registry:x64-linux-dynamic@2025-05-27
    eigen3:x64-linux-dynamic@5.0.1
  * expat:x64-linux-dynamic@2.7.4
  * ffmpeg[avcodec,avdevice,avfilter,avformat,core,swresample,swscale]:x64-linux-dynamic@8.0.1#2
  * ffmpeg-bin2c:x64-linux@8.0.1
  * flatbuffers:x64-linux-dynamic@25.9.23#1
  * flatbuffers:x64-linux@25.9.23#1
    fmt:x64-linux-dynamic@12.1.0
  * fontconfig[core,iconv]:x64-linux-dynamic@2.17.1#1
  * freetype[brotli,bzip2,core,png,zlib]:x64-linux-dynamic@2.13.3
  * fribidi:x64-linux-dynamic@1.0.16
  * fribidi:x64-linux@1.0.16
  * gdk-pixbuf[core,jpeg,png,tiff]:x64-linux-dynamic@2.42.12#6
  * gdk-pixbuf[core,jpeg,png,tiff]:x64-linux@2.42.12#6
  * gettext[core,tools]:x64-linux@0.22.5#3
  * gettext-libintl:x64-linux@0.22.5#4
  * gettext-libintl:x64-linux-dynamic@0.22.5#4
  * glib:x64-linux@2.86.3
  * glib:x64-linux-dynamic@2.86.3
  * gperf:x64-linux@3.3
  * gtk3:x64-linux-dynamic@3.24.51#2
  * harfbuzz[core,freetype]:x64-linux-dynamic@12.3.2
  * hwloc:x64-linux-dynamic@2.11.2
  * libcap:x64-linux@2.77
  * libcap:x64-linux-dynamic@2.77
  * libepoxy:x64-linux-dynamic@1.5.10#2
  * libffi:x64-linux-dynamic@3.5.2
  * libffi:x64-linux@3.5.2
  * libiconv:x64-linux-dynamic@1.18#3
  * libiconv:x64-linux@1.18#3
  * libjpeg-turbo:x64-linux-dynamic@3.1.3
  * libjpeg-turbo:x64-linux@3.1.3
  * liblzma:x64-linux@5.8.2
  * liblzma:x64-linux-dynamic@5.8.2
  * libmount:x64-linux-dynamic@2.41.3
  * libpng:x64-linux@1.6.54
  * libpng:x64-linux-dynamic@1.6.54
  * libsystemd:x64-linux-dynamic@257.8#1
  * libuuid:x64-linux-dynamic@1.0.3#16
  * libwebp[core,libwebpmux,nearlossless,simd]:x64-linux-dynamic@1.6.0#2
  * libx11:x64-linux@1.8.1#4
  * libx11:x64-linux-dynamic@1.8.1#4
  * libxau:x64-linux-dynamic@1.0.12
  * libxau:x64-linux@1.0.12
  * libxcrypt:x64-linux-dynamic@4.5.2
  * libxdmcp:x64-linux-dynamic@1.1.5
  * libxdmcp:x64-linux@1.1.5
  * libxext:x64-linux-dynamic@1.3.7
  * libxfixes:x64-linux-dynamic@6.0.2
  * libxi:x64-linux-dynamic@1.8.2
  * libxml2[core,iconv,zlib]:x64-linux-dynamic@2.15.1
  * libxml2[core,iconv,tools,zlib]:x64-linux@2.15.1
  * libxrandr:x64-linux-dynamic@1.5.5
  * libxrender:x64-linux-dynamic@0.9.12
  * libxslt[core,profiler,thread]:x64-linux-dynamic@1.1.45
  * libxslt[core,profiler,thread,tools]:x64-linux@1.1.45
  * libxtst:x64-linux-dynamic@1.2.5
  * lz4:x64-linux-dynamic@1.10.0
    nlohmann-json:x64-linux-dynamic@3.12.0#2
    opencv4[calib3d,contrib,core,dnn,eigen,ffmpeg,fs,gapi,gtk,highgui,intrinsics,jpeg,png,quirc,tbb,thread,tiff,webp]:x64-linux-dynamic@4.12.0#1
  * pango:x64-linux-dynamic@1.57.0
  * pcre2[core,jit,platform-default-features]:x64-linux@10.47
  * pcre2[core,jit,platform-default-features]:x64-linux-dynamic@10.47
  * pixman:x64-linux-dynamic@0.46.4
  * pkgconf:x64-linux@2.5.1#4
  * protobuf:x64-linux-dynamic@6.33.4#1
  * protobuf:x64-linux@6.33.4#1
  * pthread:x64-linux-dynamic@3.0.0#2
  * pthread:x64-linux@3.0.0#2
  * pthread-stubs:x64-linux-dynamic@0.5
  * pthread-stubs:x64-linux@0.5
  * pthreads:x64-linux-dynamic@3.0.0#14
  * pthreads:x64-linux@3.0.0#14
  * quirc:x64-linux-dynamic@1.2
    spdlog[core,fmt,tz-offset]:x64-linux-dynamic@1.17.0
    tbb[core,hwloc]:x64-linux-dynamic@2022.3.0
  * tiff[core,jpeg,lzma,zip]:x64-linux@4.7.1
  * tiff[core,jpeg,lzma,zip]:x64-linux-dynamic@4.7.1
  * utf8-range:x64-linux-dynamic@6.33.4
  * utf8-range:x64-linux@6.33.4
  * vcpkg-cmake:x64-linux@2024-04-23
  * vcpkg-cmake-config:x64-linux@2024-05-23
  * vcpkg-cmake-get-vars:x64-linux@2025-05-29
  * vcpkg-get-python-packages:x64-linux@2025-04-05
  * vcpkg-make:x64-linux@2026-01-01
  * vcpkg-pkgconfig-get-modules:x64-linux@2024-04-03
  * vcpkg-tool-meson:x64-linux@1.9.0#3
  * xcb:x64-linux@1.14#3
  * xcb:x64-linux-dynamic@1.14#3
  * xcb-proto:x64-linux-dynamic@1.14.1#2
  * xcb-proto:x64-linux@1.14.1#2
  * xcb-util-m4:x64-linux-dynamic@2022-07-01
  * xcb-util-m4:x64-linux@2022-07-01
  * xorg-macros:x64-linux@1.20.2
  * xorg-macros:x64-linux-dynamic@1.20.2
  * xproto:x64-linux-dynamic@2021.5
  * xproto:x64-linux@2021.5
  * xtrans:x64-linux@1.6.0
  * xtrans:x64-linux-dynamic@1.6.0
    yaml-cpp:x64-linux-dynamic@0.9.0
  * zlib:x64-linux@1.3.1
  * zlib:x64-linux-dynamic@1.3.1
  * zstd:x64-linux-dynamic@1.5.7
Additional packages (*) will be modified to complete this operation.
Restored 0 package(s) from /home/prototype152/.cache/vcpkg/archives in 177 us. Use --debug to see more details.
Installing 1/115 vcpkg-cmake-config:x64-linux@2024-05-23...
Building vcpkg-cmake-config:x64-linux@2024-05-23...
-- Installing: /home/prototype152/vcpkg/packages/vcpkg-cmake-config_x64-linux/share/vcpkg-cmake-config/vcpkg_cmake_config_fixup.cmake
-- Installing: /home/prototype152/vcpkg/packages/vcpkg-cmake-config_x64-linux/share/vcpkg-cmake-config/vcpkg-port-config.cmake
-- Installing: /home/prototype152/vcpkg/packages/vcpkg-cmake-config_x64-linux/share/vcpkg-cmake-config/copyright
-- Skipping post-build validation due to VCPKG_POLICY_EMPTY_PACKAGE
Starting submission of vcpkg-cmake-config:x64-linux@2024-05-23 to 1 binary cache(s) in the background
Elapsed time to handle vcpkg-cmake-config:x64-linux: 15.9 ms
vcpkg-cmake-config:x64-linux package ABI: 6432f87265345dc8244d3403bd64812156748e11940a410c6e4c34861f737eca
Installing 2/115 vcpkg-cmake:x64-linux@2024-04-23...
Building vcpkg-cmake:x64-linux@2024-04-23...
-- Installing: /home/prototype152/vcpkg/packages/vcpkg-cmake_x64-linux/share/vcpkg-cmake/vcpkg_cmake_configure.cmake
-- Installing: /home/prototype152/vcpkg/packages/vcpkg-cmake_x64-linux/share/vcpkg-cmake/vcpkg_cmake_build.cmake
-- Installing: /home/prototype152/vcpkg/packages/vcpkg-cmake_x64-linux/share/vcpkg-cmake/vcpkg_cmake_install.cmake
-- Installing: /home/prototype152/vcpkg/packages/vcpkg-cmake_x64-linux/share/vcpkg-cmake/vcpkg-port-config.cmake
-- Installing: /home/prototype152/vcpkg/packages/vcpkg-cmake_x64-linux/share/vcpkg-cmake/copyright
-- Performing post-build validation
Starting submission of vcpkg-cmake:x64-linux@2024-04-23 to 1 binary cache(s) in the background
Elapsed time to handle vcpkg-cmake:x64-linux: 12.4 ms
vcpkg-cmake:x64-linux package ABI: a42acf9d2a44e0826c2bba380c5c07ace4559ad9ba83b899a2801e859de78e11
Completed submission of vcpkg-cmake-config:x64-linux@2024-05-23 to 1 binary cache(s) in 3.27 ms
Installing 3/115 eigen3:x64-linux-dynamic@5.0.1...
Building eigen3:x64-linux-dynamic@5.0.1...
/home/prototype152/vcpkg/triplets/community/x64-linux-dynamic.cmake: info: loaded community triplet from here. Community triplets are not built in the curated registry and are thus less likely to succeed.
-- Using cached libeigen-eigen-5.0.1.tar.gz
-- Cleaning sources at /home/prototype152/vcpkg/buildtrees/eigen3/src/5.0.1-d487a628b0.clean. Use --editable to skip cleaning for the packages you specify.
-- Extracting source /home/prototype152/vcpkg/downloads/libeigen-eigen-5.0.1.tar.gz
-- Using source at /home/prototype152/vcpkg/buildtrees/eigen3/src/5.0.1-d487a628b0.clean
-- Configuring x64-linux-dynamic
-- Building x64-linux-dynamic-dbg
-- Building x64-linux-dynamic-rel
-- Fixing pkgconfig file: /home/prototype152/vcpkg/packages/eigen3_x64-linux-dynamic/lib/pkgconfig/eigen3.pc
-- Fixing pkgconfig file: /home/prototype152/vcpkg/packages/eigen3_x64-linux-dynamic/debug/lib/pkgconfig/eigen3.pc
-- Performing post-build validation
Starting submission of eigen3:x64-linux-dynamic@5.0.1 to 1 binary cache(s) in the background
Elapsed time to handle eigen3:x64-linux-dynamic: 2 s
eigen3:x64-linux-dynamic package ABI: 2c44f01c8dcd012a71c90552a5e036702e066a03e0012815eebddd38b8101747
Completed submission of vcpkg-cmake:x64-linux@2024-04-23 to 1 binary cache(s) in 2.89 ms
Installing 4/115 fmt:x64-linux-dynamic@12.1.0...
Building fmt:x64-linux-dynamic@12.1.0...
/home/prototype152/vcpkg/triplets/community/x64-linux-dynamic.cmake: info: loaded community triplet from here. Community triplets are not built in the curated registry and are thus less likely to succeed.
-- Using cached fmtlib-fmt-12.1.0.tar.gz
-- Extracting source /home/prototype152/vcpkg/downloads/fmtlib-fmt-12.1.0.tar.gz
-- Using source at /home/prototype152/vcpkg/buildtrees/fmt/src/12.1.0-54f1f91231.clean
-- Configuring x64-linux-dynamic
-- Building x64-linux-dynamic-dbg
-- Building x64-linux-dynamic-rel
-- Fixing pkgconfig file: /home/prototype152/vcpkg/packages/fmt_x64-linux-dynamic/lib/pkgconfig/fmt.pc
-- Fixing pkgconfig file: /home/prototype152/vcpkg/packages/fmt_x64-linux-dynamic/debug/lib/pkgconfig/fmt.pc
-- Installing: /home/prototype152/vcpkg/packages/fmt_x64-linux-dynamic/share/fmt/usage
-- Installing: /home/prototype152/vcpkg/packages/fmt_x64-linux-dynamic/share/fmt/copyright
Downloading https://github.com/NixOS/patchelf/releases/download/0.15.5/patchelf-0.15.5-x86_64.tar.gz -> patchelf-0.15.5-x86_64.tar.gz
error: curl: (35) error:0A000126:SSL routines::unexpected eof while reading
note: If you are using a proxy, please ensure your proxy settings are correct.
Possible causes are:
1. You are actually using an HTTP proxy, but setting HTTPS_PROXY variable to `https://address:port`.
This is not correct, because `https://` prefix claims the proxy is an HTTPS proxy, while your proxy (v2ray, shadowsocksr, etc...) is an HTTP proxy.
Try setting `http://address:port` to both HTTP_PROXY and HTTPS_PROXY instead.
2. If you are using Windows, vcpkg will automatically use your Windows IE Proxy Settings set by your proxy software. See: https://github.com/microsoft/vcpkg-tool/pull/77
The value set by your proxy might be wrong, or have same `https://` prefix issue.
3. Your proxy's remote server is out of service.
If you believe this is not a temporary download server failure and vcpkg needs to be changed to download this file from a different location, please submit an issue to https://github.com/Microsoft/vcpkg/issues
CMake Error at scripts/cmake/vcpkg_download_distfile.cmake:136 (message):
  Download failed, halting portfile.
Call Stack (most recent call first):
  scripts/cmake/vcpkg_find_acquire_program.cmake:205 (vcpkg_download_distfile)
  scripts/cmake/z_vcpkg_fixup_rpath.cmake:96 (vcpkg_find_acquire_program)
  scripts/ports.cmake:216 (z_vcpkg_fixup_rpath_in_dir)


error: building fmt:x64-linux-dynamic failed with: BUILD_FAILED
See https://learn.microsoft.com/vcpkg/troubleshoot/build-failures?WT.mc_id=vcpkg_inproduct_cli for more information.
Elapsed time to handle fmt:x64-linux-dynamic: 18 s
Please ensure you're using the latest port files with `git pull` and `vcpkg update`.
Then check for known issues at:
  https://github.com/microsoft/vcpkg/issues?q=is%3Aissue+is%3Aopen+in%3Atitle+fmt
You can submit a new issue at:
  https://github.com/microsoft/vcpkg/issues/new?title=%5Bfmt%5D%20build%20error%20on%20x64-linux-dynamic&body=Copy%20issue%20body%20from%20%2Fhome%2Fprototype152%2F%E6%A1%8C%E9%9D%A2%2FEX_MiracleVision%2Fbuild%2Fvcpkg_installed%2Fvcpkg%2Fissue_body.md

Completed submission of eigen3:x64-linux-dynamic@5.0.1 to 1 binary cache(s) in 147 ms
